{
  "/workspaces/Kovara/apps/mobile/components/PostCard.tsx": {
    "path": "/workspaces/Kovara/apps/mobile/components/PostCard.tsx",
    "statementMap": {
      "0": { "start": { "line": 49, "column": 15 }, "end": { "line": 49, "column": 49 } },
      "1": { "start": { "line": 50, "column": 2 }, "end": { "line": 50, "column": 39 } },
      "2": { "start": { "line": 50, "column": 17 }, "end": { "line": 50, "column": 39 } },
      "3": { "start": { "line": 51, "column": 2 }, "end": { "line": 51, "column": 58 } },
      "4": { "start": { "line": 51, "column": 19 }, "end": { "line": 51, "column": 58 } },
      "5": { "start": { "line": 52, "column": 2 }, "end": { "line": 52, "column": 61 } },
      "6": { "start": { "line": 52, "column": 20 }, "end": { "line": 52, "column": 61 } },
      "7": { "start": { "line": 53, "column": 2 }, "end": { "line": 53, "column": 44 } },
      "8": { "start": { "line": 57, "column": 2 }, "end": { "line": 57, "column": 57 } },
      "9": { "start": { "line": 61, "column": 2 }, "end": { "line": 63, "column": 3 } },
      "10": { "start": { "line": 62, "column": 4 }, "end": { "line": 62, "column": 32 } },
      "11": { "start": { "line": 65, "column": 2 }, "end": { "line": 77, "column": 4 } },
      "12": { "start": { "line": 81, "column": 20 }, "end": { "line": 81, "column": 30 } },
      "13": { "start": { "line": 82, "column": 17 }, "end": { "line": 82, "column": 28 } },
      "14": { "start": { "line": 83, "column": 30 }, "end": { "line": 83, "column": 50 } },
      "15": { "start": { "line": 84, "column": 42 }, "end": { "line": 84, "column": 57 } },
      "16": { "start": { "line": 86, "column": 4 }, "end": { "line": 86, "column": 97 } },
      "17": { "start": { "line": 86, "column": 28 }, "end": { "line": 86, "column": 96 } },
      "18": { "start": { "line": 87, "column": 46 }, "end": { "line": 91, "column": 4 } },
      "19": { "start": { "line": 93, "column": 17 }, "end": { "line": 93, "column": 60 } },
      "20": { "start": { "line": 93, "column": 31 }, "end": { "line": 93, "column": 50 } },
      "21": { "start": { "line": 95, "column": 2 }, "end": { "line": 97, "column": 3 } },
      "22": { "start": { "line": 96, "column": 4 }, "end": { "line": 96, "column": 38 } },
      "23": { "start": { "line": 99, "column": 26 }, "end": { "line": 102, "column": 3 } },
      "24": { "start": { "line": 100, "column": 4 }, "end": { "line": 100, "column": 28 } },
      "25": { "start": { "line": 101, "column": 4 }, "end": { "line": 101, "column": 16 } },
      "26": { "start": { "line": 104, "column": 25 }, "end": { "line": 107, "column": 3 } },
      "27": { "start": { "line": 105, "column": 4 }, "end": { "line": 105, "column": 28 } },
      "28": { "start": { "line": 106, "column": 4 }, "end": { "line": 106, "column": 26 } },
      "29": { "start": { "line": 109, "column": 25 }, "end": { "line": 109, "column": 53 } },
      "30": { "start": { "line": 109, "column": 31 }, "end": { "line": 109, "column": 53 } },
      "31": { "start": { "line": 111, "column": 2 }, "end": { "line": 171, "column": 4 } },
      "32": { "start": { "line": 141, "column": 36 }, "end": { "line": 145, "column": 13 } },
      "33": { "start": { "line": 157, "column": 36 }, "end": { "line": 157, "column": 90 } },
      "34": { "start": { "line": 175, "column": 2 }, "end": { "line": 277, "column": 5 } }
    },
    "fnMap": {
      "0": {
        "name": "formatTimestamp",
        "decl": { "start": { "line": 48, "column": 9 }, "end": { "line": 48, "column": 24 } },
        "loc": { "start": { "line": 48, "column": 45 }, "end": { "line": 54, "column": 1 } },
        "line": 48
      },
      "1": {
        "name": "shortAddress",
        "decl": { "start": { "line": 56, "column": 9 }, "end": { "line": 56, "column": 21 } },
        "loc": { "start": { "line": 56, "column": 47 }, "end": { "line": 58, "column": 1 } },
        "line": 56
      },
      "2": {
        "name": "normalizePost",
        "decl": { "start": { "line": 60, "column": 9 }, "end": { "line": 60, "column": 22 } },
        "loc": { "start": { "line": 60, "column": 81 }, "end": { "line": 78, "column": 1 } },
        "line": 60
      },
      "3": {
        "name": "PostCard",
        "decl": { "start": { "line": 80, "column": 16 }, "end": { "line": 80, "column": 24 } },
        "loc": { "start": { "line": 80, "column": 47 }, "end": { "line": 172, "column": 1 } },
        "line": 80
      },
      "4": {
        "name": "(anonymous_4)",
        "decl": { "start": { "line": 86, "column": 22 }, "end": { "line": 86, "column": 23 } },
        "loc": { "start": { "line": 86, "column": 28 }, "end": { "line": 86, "column": 96 } },
        "line": 86
      },
      "5": {
        "name": "(anonymous_5)",
        "decl": { "start": { "line": 93, "column": 25 }, "end": { "line": 93, "column": 26 } },
        "loc": { "start": { "line": 93, "column": 31 }, "end": { "line": 93, "column": 50 } },
        "line": 93
      },
      "6": {
        "name": "(anonymous_6)",
        "decl": { "start": { "line": 99, "column": 26 }, "end": { "line": 99, "column": 27 } },
        "loc": { "start": { "line": 99, "column": 60 }, "end": { "line": 102, "column": 3 } },
        "line": 99
      },
      "7": {
        "name": "(anonymous_7)",
        "decl": { "start": { "line": 104, "column": 25 }, "end": { "line": 104, "column": 26 } },
        "loc": { "start": { "line": 104, "column": 59 }, "end": { "line": 107, "column": 3 } },
        "line": 104
      },
      "8": {
        "name": "(anonymous_8)",
        "decl": { "start": { "line": 109, "column": 25 }, "end": { "line": 109, "column": 26 } },
        "loc": { "start": { "line": 109, "column": 31 }, "end": { "line": 109, "column": 53 } },
        "line": 109
      },
      "9": {
        "name": "(anonymous_9)",
        "decl": { "start": { "line": 141, "column": 19 }, "end": { "line": 141, "column": 20 } },
        "loc": { "start": { "line": 141, "column": 36 }, "end": { "line": 145, "column": 13 } },
        "line": 141
      },
      "10": {
        "name": "(anonymous_10)",
        "decl": { "start": { "line": 157, "column": 19 }, "end": { "line": 157, "column": 20 } },
        "loc": { "start": { "line": 157, "column": 36 }, "end": { "line": 157, "column": 90 } },
        "line": 157
      },
      "11": {
        "name": "createStyles",
        "decl": { "start": { "line": 174, "column": 9 }, "end": { "line": 174, "column": 21 } },
        "loc": { "start": { "line": 174, "column": 67 }, "end": { "line": 278, "column": 1 } },
        "line": 174
      }
    },
    "branchMap": {
      "0": {
        "loc": { "start": { "line": 50, "column": 2 }, "end": { "line": 50, "column": 39 } },
        "type": "if",
        "locations": [
          { "start": { "line": 50, "column": 2 }, "end": { "line": 50, "column": 39 } },
          { "start": {}, "end": {} }
        ],
        "line": 50
      },
      "1": {
        "loc": { "start": { "line": 51, "column": 2 }, "end": { "line": 51, "column": 58 } },
        "type": "if",
        "locations": [
          { "start": { "line": 51, "column": 2 }, "end": { "line": 51, "column": 58 } },
          { "start": {}, "end": {} }
        ],
        "line": 51
      },
      "2": {
        "loc": { "start": { "line": 52, "column": 2 }, "end": { "line": 52, "column": 61 } },
        "type": "if",
        "locations": [
          { "start": { "line": 52, "column": 2 }, "end": { "line": 52, "column": 61 } },
          { "start": {}, "end": {} }
        ],
        "line": 52
      },
      "3": {
        "loc": { "start": { "line": 61, "column": 2 }, "end": { "line": 63, "column": 3 } },
        "type": "if",
        "locations": [
          { "start": { "line": 61, "column": 2 }, "end": { "line": 63, "column": 3 } },
          { "start": {}, "end": {} }
        ],
        "line": 61
      },
      "4": {
        "loc": { "start": { "line": 72, "column": 17 }, "end": { "line": 72, "column": 74 } },
        "type": "cond-expr",
        "locations": [
          { "start": { "line": 72, "column": 55 }, "end": { "line": 72, "column": 70 } },
          { "start": { "line": 72, "column": 73 }, "end": { "line": 72, "column": 74 } }
        ],
        "line": 72
      },
      "5": {
        "loc": { "start": { "line": 73, "column": 18 }, "end": { "line": 73, "column": 34 } },
        "type": "binary-expr",
        "locations": [
          { "start": { "line": 73, "column": 18 }, "end": { "line": 73, "column": 29 } },
          { "start": { "line": 73, "column": 33 }, "end": { "line": 73, "column": 34 } }
        ],
        "line": 73
      },
      "6": {
        "loc": { "start": { "line": 74, "column": 17 }, "end": { "line": 74, "column": 40 } },
        "type": "binary-expr",
        "locations": [
          { "start": { "line": 74, "column": 17 }, "end": { "line": 74, "column": 31 } },
          { "start": { "line": 74, "column": 35 }, "end": { "line": 74, "column": 40 } }
        ],
        "line": 74
      },
      "7": {
        "loc": { "start": { "line": 76, "column": 15 }, "end": { "line": 76, "column": 80 } },
        "type": "cond-expr",
        "locations": [
          { "start": { "line": 76, "column": 53 }, "end": { "line": 76, "column": 68 } },
          { "start": { "line": 76, "column": 71 }, "end": { "line": 76, "column": 80 } }
        ],
        "line": 76
      },
      "8": {
        "loc": { "start": { "line": 86, "column": 4 }, "end": { "line": 86, "column": 97 } },
        "type": "binary-expr",
        "locations": [
          { "start": { "line": 86, "column": 4 }, "end": { "line": 86, "column": 17 } },
          { "start": { "line": 86, "column": 22 }, "end": { "line": 86, "column": 96 } }
        ],
        "line": 86
      },
      "9": {
        "loc": { "start": { "line": 89, "column": 21 }, "end": { "line": 89, "column": 44 } },
        "type": "binary-expr",
        "locations": [
          { "start": { "line": 89, "column": 21 }, "end": { "line": 89, "column": 35 } },
          { "start": { "line": 89, "column": 39 }, "end": { "line": 89, "column": 44 } }
        ],
        "line": 89
      },
      "10": {
        "loc": { "start": { "line": 95, "column": 2 }, "end": { "line": 97, "column": 3 } },
        "type": "if",
        "locations": [
          { "start": { "line": 95, "column": 2 }, "end": { "line": 97, "column": 3 } },
          { "start": {}, "end": {} }
        ],
        "line": 95
      },
      "11": {
        "loc": { "start": { "line": 95, "column": 6 }, "end": { "line": 95, "column": 45 } },
        "type": "binary-expr",
        "locations": [
          { "start": { "line": 95, "column": 6 }, "end": { "line": 95, "column": 26 } },
          { "start": { "line": 95, "column": 30 }, "end": { "line": 95, "column": 45 } }
        ],
        "line": 95
      },
      "12": {
        "loc": { "start": { "line": 128, "column": 37 }, "end": { "line": 128, "column": 81 } },
        "type": "binary-expr",
        "locations": [
          { "start": { "line": 128, "column": 37 }, "end": { "line": 128, "column": 46 } },
          { "start": { "line": 128, "column": 50 }, "end": { "line": 128, "column": 81 } }
        ],
        "line": 128
      },
      "13": {
        "loc": { "start": { "line": 136, "column": 32 }, "end": { "line": 136, "column": 107 } },
        "type": "cond-expr",
        "locations": [
          { "start": { "line": 136, "column": 40 }, "end": { "line": 136, "column": 73 } },
          { "start": { "line": 136, "column": 76 }, "end": { "line": 136, "column": 107 } }
        ],
        "line": 136
      },
      "14": {
        "loc": { "start": { "line": 137, "column": 31 }, "end": { "line": 137, "column": 99 } },
        "type": "cond-expr",
        "locations": [
          { "start": { "line": 137, "column": 39 }, "end": { "line": 137, "column": 73 } },
          { "start": { "line": 137, "column": 76 }, "end": { "line": 137, "column": 99 } }
        ],
        "line": 137
      },
      "15": {
        "loc": { "start": { "line": 138, "column": 44 }, "end": { "line": 138, "column": 60 } },
        "type": "binary-expr",
        "locations": [
          { "start": { "line": 138, "column": 44 }, "end": { "line": 138, "column": 49 } },
          { "start": { "line": 138, "column": 53 }, "end": { "line": 138, "column": 60 } }
        ],
        "line": 138
      },
      "16": {
        "loc": { "start": { "line": 139, "column": 22 }, "end": { "line": 139, "column": 38 } },
        "type": "binary-expr",
        "locations": [
          { "start": { "line": 139, "column": 22 }, "end": { "line": 139, "column": 27 } },
          { "start": { "line": 139, "column": 31 }, "end": { "line": 139, "column": 38 } }
        ],
        "line": 139
      },
      "17": {
        "loc": { "start": { "line": 143, "column": 14 }, "end": { "line": 143, "column": 45 } },
        "type": "binary-expr",
        "locations": [
          { "start": { "line": 143, "column": 14 }, "end": { "line": 143, "column": 19 } },
          { "start": { "line": 143, "column": 23 }, "end": { "line": 143, "column": 45 } }
        ],
        "line": 143
      },
      "18": {
        "loc": { "start": { "line": 144, "column": 14 }, "end": { "line": 144, "column": 71 } },
        "type": "binary-expr",
        "locations": [
          { "start": { "line": 144, "column": 14 }, "end": { "line": 144, "column": 21 } },
          { "start": { "line": 144, "column": 25 }, "end": { "line": 144, "column": 31 } },
          { "start": { "line": 144, "column": 35 }, "end": { "line": 144, "column": 43 } },
          { "start": { "line": 144, "column": 47 }, "end": { "line": 144, "column": 71 } }
        ],
        "line": 144
      },
      "19": {
        "loc": { "start": { "line": 147, "column": 39 }, "end": { "line": 147, "column": 64 } },
        "type": "binary-expr",
        "locations": [
          { "start": { "line": 147, "column": 39 }, "end": { "line": 147, "column": 44 } },
          { "start": { "line": 147, "column": 48 }, "end": { "line": 147, "column": 64 } }
        ],
        "line": 147
      },
      "20": {
        "loc": { "start": { "line": 148, "column": 15 }, "end": { "line": 148, "column": 39 } },
        "type": "cond-expr",
        "locations": [
          { "start": { "line": 148, "column": 23 }, "end": { "line": 148, "column": 30 } },
          { "start": { "line": 148, "column": 33 }, "end": { "line": 148, "column": 39 } }
        ],
        "line": 148
      },
      "21": {
        "loc": { "start": { "line": 157, "column": 55 }, "end": { "line": 157, "column": 89 } },
        "type": "binary-expr",
        "locations": [
          { "start": { "line": 157, "column": 55 }, "end": { "line": 157, "column": 62 } },
          { "start": { "line": 157, "column": 66 }, "end": { "line": 157, "column": 89 } }
        ],
        "line": 157
      }
    },
    "s": {
      "0": 10,
      "1": 10,
      "2": 0,
      "3": 10,
      "4": 0,
      "5": 10,
      "6": 7,
      "7": 3,
      "8": 10,
      "9": 11,
      "10": 10,
      "11": 1,
      "12": 11,
      "13": 11,
      "14": 11,
      "15": 11,
      "16": 11,
      "17": 1,
      "18": 11,
      "19": 11,
      "20": 11,
      "21": 11,
      "22": 1,
      "23": 10,
      "24": 0,
      "25": 0,
      "26": 10,
      "27": 0,
      "28": 0,
      "29": 10,
      "30": 0,
      "31": 10,
      "32": 10,
      "33": 10,
      "34": 11
    },
    "f": {
      "0": 10,
      "1": 10,
      "2": 11,
      "3": 11,
      "4": 1,
      "5": 11,
      "6": 0,
      "7": 0,
      "8": 0,
      "9": 10,
      "10": 10,
      "11": 11
    },
    "b": {
      "0": [0, 10],
      "1": [0, 10],
      "2": [7, 3],
      "3": [10, 1],
      "4": [1, 0],
      "5": [1, 1],
      "6": [1, 1],
      "7": [0, 1],
      "8": [11, 10],
      "9": [11, 10],
      "10": [1, 10],
      "11": [11, 1],
      "12": [10, 10],
      "13": [0, 10],
      "14": [0, 10],
      "15": [10, 10],
      "16": [10, 10],
      "17": [10, 0],
      "18": [10, 0, 0, 0],
      "19": [10, 0],
      "20": [0, 10],
      "21": [10, 0]
    },
    "_coverageSchema": "1a1c01bbd47fc00a2c39e90264f33305004495a9",
    "hash": "4be9a9e8e0055b2924875fc26502a97d420ddc35"
  },
  "/workspaces/Kovara/apps/mobile/components/TipModal.tsx": {
    "path": "/workspaces/Kovara/apps/mobile/components/TipModal.tsx",
    "statementMap": {
      "0": { "start": { "line": 17, "column": 37 }, "end": { "line": 30, "column": 1 } },
      "1": { "start": { "line": 40, "column": 21 }, "end": { "line": 40, "column": 33 } },
      "2": { "start": { "line": 41, "column": 2 }, "end": { "line": 43, "column": 3 } },
      "3": { "start": { "line": 42, "column": 4 }, "end": { "line": 42, "column": 13 } },
      "4": { "start": { "line": 45, "column": 2 }, "end": { "line": 45, "column": 28 } },
      "5": { "start": { "line": 49, "column": 20 }, "end": { "line": 49, "column": 30 } },
      "6": { "start": { "line": 50, "column": 17 }, "end": { "line": 50, "column": 60 } },
      "7": { "start": { "line": 50, "column": 31 }, "end": { "line": 50, "column": 50 } },
      "8": { "start": { "line": 51, "column": 30 }, "end": { "line": 51, "column": 42 } },
      "9": { "start": { "line": 52, "column": 44 }, "end": { "line": 52, "column": 83 } },
      "10": { "start": { "line": 53, "column": 48 }, "end": { "line": 53, "column": 77 } },
      "11": { "start": { "line": 54, "column": 78 }, "end": { "line": 54, "column": 86 } },
      "12": { "start": { "line": 56, "column": 23 }, "end": { "line": 56, "column": 42 } },
      "13": { "start": { "line": 57, "column": 22 }, "end": { "line": 57, "column": 55 } },
      "14": { "start": { "line": 58, "column": 24 }, "end": { "line": 58, "column": 63 } },
      "15": { "start": { "line": 59, "column": 20 }, "end": { "line": 59, "column": 81 } },
      "16": { "start": { "line": 61, "column": 22 }, "end": { "line": 67, "column": 3 } },
      "17": { "start": { "line": 62, "column": 4 }, "end": { "line": 62, "column": 12 } },
      "18": { "start": { "line": 63, "column": 4 }, "end": { "line": 63, "column": 18 } },
      "19": { "start": { "line": 64, "column": 4 }, "end": { "line": 64, "column": 29 } },
      "20": { "start": { "line": 65, "column": 4 }, "end": { "line": 65, "column": 42 } },
      "21": { "start": { "line": 66, "column": 4 }, "end": { "line": 66, "column": 14 } },
      "22": { "start": { "line": 69, "column": 23 }, "end": { "line": 77, "column": 3 } },
      "23": { "start": { "line": 70, "column": 4 }, "end": { "line": 73, "column": 5 } },
      "24": { "start": { "line": 71, "column": 6 }, "end": { "line": 71, "column": 63 } },
      "25": { "start": { "line": 72, "column": 6 }, "end": { "line": 72, "column": 13 } },
      "26": { "start": { "line": 75, "column": 4 }, "end": { "line": 75, "column": 29 } },
      "27": { "start": { "line": 76, "column": 4 }, "end": { "line": 76, "column": 70 } },
      "28": { "start": { "line": 79, "column": 2 }, "end": { "line": 177, "column": 4 } },
      "29": { "start": { "line": 103, "column": 31 }, "end": { "line": 103, "column": 68 } },
      "30": { "start": { "line": 104, "column": 14 }, "end": { "line": 117, "column": 16 } },
      "31": { "start": { "line": 109, "column": 33 }, "end": { "line": 109, "column": 56 } },
      "32": { "start": { "line": 181, "column": 2 }, "end": { "line": 345, "column": 5 } }
    },
    "fnMap": {
      "0": {
        "name": "parseAmount",
        "decl": { "start": { "line": 39, "column": 9 }, "end": { "line": 39, "column": 20 } },
        "loc": { "start": { "line": 39, "column": 44 }, "end": { "line": 46, "column": 1 } },
        "line": 39
      },
      "1": {
        "name": "TipModal",
        "decl": { "start": { "line": 48, "column": 16 }, "end": { "line": 48, "column": 24 } },
        "loc": { "start": { "line": 48, "column": 82 }, "end": { "line": 178, "column": 1 } },
        "line": 48
      },
      "2": {
        "name": "(anonymous_2)",
        "decl": { "start": { "line": 50, "column": 25 }, "end": { "line": 50, "column": 26 } },
        "loc": { "start": { "line": 50, "column": 31 }, "end": { "line": 50, "column": 50 } },
        "line": 50
      },
      "3": {
        "name": "(anonymous_3)",
        "decl": { "start": { "line": 61, "column": 22 }, "end": { "line": 61, "column": 23 } },
        "loc": { "start": { "line": 61, "column": 28 }, "end": { "line": 67, "column": 3 } },
        "line": 61
      },
      "4": {
        "name": "(anonymous_4)",
        "decl": { "start": { "line": 69, "column": 23 }, "end": { "line": 69, "column": 24 } },
        "loc": { "start": { "line": 69, "column": 35 }, "end": { "line": 77, "column": 3 } },
        "line": 69
      },
      "5": {
        "name": "(anonymous_5)",
        "decl": { "start": { "line": 102, "column": 34 }, "end": { "line": 102, "column": 35 } },
        "loc": { "start": { "line": 102, "column": 45 }, "end": { "line": 118, "column": 13 } },
        "line": 102
      },
      "6": {
        "name": "(anonymous_6)",
        "decl": { "start": { "line": 109, "column": 27 }, "end": { "line": 109, "column": 28 } },
        "loc": { "start": { "line": 109, "column": 33 }, "end": { "line": 109, "column": 56 } },
        "line": 109
      },
      "7": {
        "name": "createStyles",
        "decl": { "start": { "line": 180, "column": 9 }, "end": { "line": 180, "column": 21 } },
        "loc": { "start": { "line": 180, "column": 67 }, "end": { "line": 346, "column": 1 } },
        "line": 180
      }
    },
    "branchMap": {
      "0": {
        "loc": { "start": { "line": 41, "column": 2 }, "end": { "line": 43, "column": 3 } },
        "type": "if",
        "locations": [
          { "start": { "line": 41, "column": 2 }, "end": { "line": 43, "column": 3 } },
          { "start": {}, "end": {} }
        ],
        "line": 41
      },
      "1": {
        "loc": { "start": { "line": 59, "column": 20 }, "end": { "line": 59, "column": 81 } },
        "type": "binary-expr",
        "locations": [
          { "start": { "line": 59, "column": 20 }, "end": { "line": 59, "column": 28 } },
          { "start": { "line": 59, "column": 32 }, "end": { "line": 59, "column": 61 } },
          { "start": { "line": 59, "column": 65 }, "end": { "line": 59, "column": 81 } }
        ],
        "line": 59
      },
      "2": {
        "loc": { "start": { "line": 70, "column": 4 }, "end": { "line": 73, "column": 5 } },
        "type": "if",
        "locations": [
          { "start": { "line": 70, "column": 4 }, "end": { "line": 73, "column": 5 } },
          { "start": {}, "end": {} }
        ],
        "line": 70
      },
      "3": {
        "loc": { "start": { "line": 70, "column": 8 }, "end": { "line": 70, "column": 59 } },
        "type": "binary-expr",
        "locations": [
          { "start": { "line": 70, "column": 8 }, "end": { "line": 70, "column": 38 } },
          { "start": { "line": 70, "column": 42 }, "end": { "line": 70, "column": 59 } }
        ],
        "line": 70
      },
      "4": {
        "loc": { "start": { "line": 82, "column": 18 }, "end": { "line": 82, "column": 63 } },
        "type": "cond-expr",
        "locations": [
          { "start": { "line": 82, "column": 42 }, "end": { "line": 82, "column": 51 } },
          { "start": { "line": 82, "column": 54 }, "end": { "line": 82, "column": 63 } }
        ],
        "line": 82
      },
      "5": {
        "loc": { "start": { "line": 110, "column": 46 }, "end": { "line": 110, "column": 84 } },
        "type": "binary-expr",
        "locations": [
          { "start": { "line": 110, "column": 46 }, "end": { "line": 110, "column": 54 } },
          { "start": { "line": 110, "column": 58 }, "end": { "line": 110, "column": 84 } }
        ],
        "line": 110
      },
      "6": {
        "loc": { "start": { "line": 112, "column": 52 }, "end": { "line": 112, "column": 90 } },
        "type": "binary-expr",
        "locations": [
          { "start": { "line": 112, "column": 52 }, "end": { "line": 112, "column": 60 } },
          { "start": { "line": 112, "column": 64 }, "end": { "line": 112, "column": 90 } }
        ],
        "line": 112
      },
      "7": {
        "loc": { "start": { "line": 136, "column": 11 }, "end": { "line": 138, "column": 18 } },
        "type": "cond-expr",
        "locations": [
          { "start": { "line": 137, "column": 12 }, "end": { "line": 137, "column": 76 } },
          { "start": { "line": 138, "column": 14 }, "end": { "line": 138, "column": 18 } }
        ],
        "line": 136
      },
      "8": {
        "loc": { "start": { "line": 136, "column": 11 }, "end": { "line": 136, "column": 35 } },
        "type": "binary-expr",
        "locations": [
          { "start": { "line": 136, "column": 11 }, "end": { "line": 136, "column": 26 } },
          { "start": { "line": 136, "column": 30 }, "end": { "line": 136, "column": 35 } }
        ],
        "line": 136
      },
      "9": {
        "loc": { "start": { "line": 137, "column": 44 }, "end": { "line": 137, "column": 68 } },
        "type": "binary-expr",
        "locations": [
          { "start": { "line": 137, "column": 44 }, "end": { "line": 137, "column": 59 } },
          { "start": { "line": 137, "column": 63 }, "end": { "line": 137, "column": 68 } }
        ],
        "line": 137
      },
      "10": {
        "loc": { "start": { "line": 155, "column": 11 }, "end": { "line": 159, "column": 18 } },
        "type": "cond-expr",
        "locations": [
          { "start": { "line": 156, "column": 12 }, "end": { "line": 158, "column": 19 } },
          { "start": { "line": 159, "column": 14 }, "end": { "line": 159, "column": 18 } }
        ],
        "line": 155
      },
      "11": {
        "loc": { "start": { "line": 155, "column": 11 }, "end": { "line": 155, "column": 41 } },
        "type": "binary-expr",
        "locations": [
          { "start": { "line": 155, "column": 11 }, "end": { "line": 155, "column": 31 } },
          { "start": { "line": 155, "column": 35 }, "end": { "line": 155, "column": 41 } }
        ],
        "line": 155
      },
      "12": {
        "loc": { "start": { "line": 166, "column": 41 }, "end": { "line": 166, "column": 82 } },
        "type": "binary-expr",
        "locations": [
          { "start": { "line": 166, "column": 41 }, "end": { "line": 166, "column": 51 } },
          { "start": { "line": 166, "column": 55 }, "end": { "line": 166, "column": 82 } }
        ],
        "line": 166
      },
      "13": {
        "loc": { "start": { "line": 168, "column": 13 }, "end": { "line": 172, "column": 13 } },
        "type": "cond-expr",
        "locations": [
          { "start": { "line": 169, "column": 14 }, "end": { "line": 169, "column": 69 } },
          { "start": { "line": 171, "column": 14 }, "end": { "line": 171, "column": 64 } }
        ],
        "line": 168
      }
    },
    "s": {
      "0": 2,
      "1": 10,
      "2": 10,
      "3": 10,
      "4": 0,
      "5": 10,
      "6": 10,
      "7": 10,
      "8": 10,
      "9": 10,
      "10": 10,
      "11": 10,
      "12": 10,
      "13": 10,
      "14": 10,
      "15": 10,
      "16": 10,
      "17": 0,
      "18": 0,
      "19": 0,
      "20": 0,
      "21": 0,
      "22": 10,
      "23": 0,
      "24": 0,
      "25": 0,
      "26": 0,
      "27": 0,
      "28": 10,
      "29": 20,
      "30": 20,
      "31": 0,
      "32": 10
    },
    "f": { "0": 10, "1": 10, "2": 10, "3": 0, "4": 0, "5": 20, "6": 0, "7": 10 },
    "b": {
      "0": [10, 0],
      "1": [10, 10, 10],
      "2": [0, 0],
      "3": [0, 0],
      "4": [10, 0],
      "5": [20, 10],
      "6": [20, 10],
      "7": [0, 10],
      "8": [10, 10],
      "9": [0, 0],
      "10": [0, 10],
      "11": [10, 0],
      "12": [10, 10],
      "13": [0, 10]
    },
    "_coverageSchema": "1a1c01bbd47fc00a2c39e90264f33305004495a9",
    "hash": "14a84181b2d1cf08e7659ec5f6a75732da55927f"
  },
  "/workspaces/Kovara/apps/mobile/components/skeletons/PostCardSkeleton.tsx": {
    "path": "/workspaces/Kovara/apps/mobile/components/skeletons/PostCardSkeleton.tsx",
    "statementMap": {
      "0": { "start": { "line": 7, "column": 2 }, "end": { "line": 24, "column": 4 } },
      "1": { "start": { "line": 27, "column": 15 }, "end": { "line": 54, "column": 2 } }
    },
    "fnMap": {
      "0": {
        "name": "PostCardSkeleton",
        "decl": { "start": { "line": 6, "column": 16 }, "end": { "line": 6, "column": 32 } },
        "loc": { "start": { "line": 6, "column": 35 }, "end": { "line": 25, "column": 1 } },
        "line": 6
      }
    },
    "branchMap": {},
    "s": { "0": 1, "1": 2 },
    "f": { "0": 1 },
    "b": {},
    "_coverageSchema": "1a1c01bbd47fc00a2c39e90264f33305004495a9",
    "hash": "43db1368bd697134a67f5ddb1f59ca2403464c0e"
  },
  "/workspaces/Kovara/apps/mobile/components/skeletons/SkeletonBase.tsx": {
    "path": "/workspaces/Kovara/apps/mobile/components/skeletons/SkeletonBase.tsx",
    "statementMap": {
      "0": { "start": { "line": 23, "column": 20 }, "end": { "line": 23, "column": 30 } },
      "1": { "start": { "line": 24, "column": 21 }, "end": { "line": 24, "column": 39 } },
      "2": { "start": { "line": 26, "column": 2 }, "end": { "line": 39, "column": 19 } },
      "3": { "start": { "line": 27, "column": 4 }, "end": { "line": 34, "column": 6 } },
      "4": { "start": { "line": 36, "column": 4 }, "end": { "line": 38, "column": 6 } },
      "5": { "start": { "line": 37, "column": 6 }, "end": { "line": 37, "column": 34 } },
      "6": { "start": { "line": 41, "column": 23 }, "end": { "line": 51, "column": 3 } },
      "7": { "start": { "line": 42, "column": 11 }, "end": { "line": 49, "column": 5 } },
      "8": { "start": { "line": 53, "column": 2 }, "end": { "line": 53, "column": 87 } },
      "9": { "start": { "line": 57, "column": 20 }, "end": { "line": 57, "column": 30 } },
      "10": { "start": { "line": 59, "column": 2 }, "end": { "line": 74, "column": 4 } },
      "11": { "start": { "line": 86, "column": 20 }, "end": { "line": 86, "column": 30 } },
      "12": { "start": { "line": 87, "column": 2 }, "end": { "line": 99, "column": 4 } },
      "13": { "start": { "line": 103, "column": 20 }, "end": { "line": 103, "column": 30 } },
      "14": { "start": { "line": 104, "column": 2 }, "end": { "line": 117, "column": 4 } },
      "15": { "start": { "line": 120, "column": 15 }, "end": { "line": 137, "column": 2 } }
    },
    "fnMap": {
      "0": {
        "name": "ShimmerOverlay",
        "decl": { "start": { "line": 22, "column": 9 }, "end": { "line": 22, "column": 23 } },
        "loc": { "start": { "line": 22, "column": 26 }, "end": { "line": 54, "column": 1 } },
        "line": 22
      },
      "1": {
        "name": "(anonymous_1)",
        "decl": { "start": { "line": 26, "column": 12 }, "end": { "line": 26, "column": 13 } },
        "loc": { "start": { "line": 26, "column": 18 }, "end": { "line": 39, "column": 3 } },
        "line": 26
      },
      "2": {
        "name": "(anonymous_2)",
        "decl": { "start": { "line": 36, "column": 11 }, "end": { "line": 36, "column": 12 } },
        "loc": { "start": { "line": 36, "column": 17 }, "end": { "line": 38, "column": 5 } },
        "line": 36
      },
      "3": {
        "name": "(anonymous_3)",
        "decl": { "start": { "line": 42, "column": 4 }, "end": { "line": 42, "column": 5 } },
        "loc": { "start": { "line": 42, "column": 11 }, "end": { "line": 49, "column": 5 } },
        "line": 42
      },
      "4": {
        "name": "SkeletonBase",
        "decl": { "start": { "line": 56, "column": 16 }, "end": { "line": 56, "column": 28 } },
        "loc": { "start": { "line": 56, "column": 77 }, "end": { "line": 75, "column": 1 } },
        "line": 56
      },
      "5": {
        "name": "SkeletonLine",
        "decl": { "start": { "line": 77, "column": 16 }, "end": { "line": 77, "column": 28 } },
        "loc": { "start": { "line": 85, "column": 3 }, "end": { "line": 100, "column": 1 } },
        "line": 85
      },
      "6": {
        "name": "SkeletonCircle",
        "decl": { "start": { "line": 102, "column": 16 }, "end": { "line": 102, "column": 30 } },
        "loc": { "start": { "line": 102, "column": 85 }, "end": { "line": 118, "column": 1 } },
        "line": 102
      }
    },
    "branchMap": {
      "0": {
        "loc": { "start": { "line": 79, "column": 2 }, "end": { "line": 79, "column": 13 } },
        "type": "default-arg",
        "locations": [
          { "start": { "line": 79, "column": 11 }, "end": { "line": 79, "column": 13 } }
        ],
        "line": 79
      }
    },
    "s": {
      "0": 1,
      "1": 1,
      "2": 1,
      "3": 1,
      "4": 1,
      "5": 1,
      "6": 1,
      "7": 1,
      "8": 1,
      "9": 1,
      "10": 1,
      "11": 7,
      "12": 7,
      "13": 1,
      "14": 1,
      "15": 2
    },
    "f": { "0": 1, "1": 1, "2": 1, "3": 1, "4": 1, "5": 7, "6": 1 },
    "b": { "0": [0] },
    "_coverageSchema": "1a1c01bbd47fc00a2c39e90264f33305004495a9",
    "hash": "afb69a0f510626513b318f81ab4055778675ea98"
  },
  "/workspaces/Kovara/apps/mobile/hooks/useLike.ts": {
    "path": "/workspaces/Kovara/apps/mobile/hooks/useLike.ts",
    "statementMap": {
      "0": { "start": { "line": 11, "column": 17 }, "end": { "line": 11, "column": 57 } },
      "1": { "start": { "line": 12, "column": 17 }, "end": { "line": 12, "column": 43 } },
      "2": { "start": { "line": 14, "column": 14 }, "end": { "line": 20, "column": 25 } },
      "3": { "start": { "line": 22, "column": 2 }, "end": { "line": 28, "column": 3 } },
      "4": { "start": { "line": 23, "column": 16 }, "end": { "line": 23, "column": 69 } },
      "5": { "start": { "line": 24, "column": 19 }, "end": { "line": 24, "column": 43 } },
      "6": { "start": { "line": 25, "column": 4 }, "end": { "line": 25, "column": 62 } },
      "7": { "start": { "line": 25, "column": 17 }, "end": { "line": 25, "column": 62 } },
      "8": { "start": { "line": 27, "column": 4 }, "end": { "line": 27, "column": 52 } },
      "9": { "start": { "line": 32, "column": 17 }, "end": { "line": 32, "column": 57 } },
      "10": { "start": { "line": 33, "column": 17 }, "end": { "line": 33, "column": 45 } },
      "11": { "start": { "line": 35, "column": 14 }, "end": { "line": 41, "column": 25 } },
      "12": { "start": { "line": 43, "column": 2 }, "end": { "line": 49, "column": 3 } },
      "13": { "start": { "line": 44, "column": 16 }, "end": { "line": 44, "column": 69 } },
      "14": { "start": { "line": 45, "column": 19 }, "end": { "line": 45, "column": 43 } },
      "15": { "start": { "line": 46, "column": 4 }, "end": { "line": 46, "column": 62 } },
      "16": { "start": { "line": 46, "column": 17 }, "end": { "line": 46, "column": 62 } },
      "17": { "start": { "line": 48, "column": 4 }, "end": { "line": 48, "column": 52 } },
      "18": { "start": { "line": 72, "column": 33 }, "end": { "line": 72, "column": 44 } },
      "19": { "start": { "line": 73, "column": 33 }, "end": { "line": 73, "column": 45 } },
      "20": { "start": { "line": 74, "column": 24 }, "end": { "line": 74, "column": 34 } },
      "21": { "start": { "line": 75, "column": 28 }, "end": { "line": 75, "column": 53 } },
      "22": { "start": { "line": 76, "column": 36 }, "end": { "line": 76, "column": 62 } },
      "23": { "start": { "line": 77, "column": 32 }, "end": { "line": 77, "column": 47 } },
      "24": { "start": { "line": 78, "column": 28 }, "end": { "line": 78, "column": 57 } },
      "25": { "start": { "line": 79, "column": 21 }, "end": { "line": 79, "column": 35 } },
      "26": { "start": { "line": 81, "column": 2 }, "end": { "line": 91, "column": 50 } },
      "27": { "start": { "line": 82, "column": 4 }, "end": { "line": 84, "column": 5 } },
      "28": { "start": { "line": 83, "column": 6 }, "end": { "line": 83, "column": 13 } },
      "29": { "start": { "line": 86, "column": 4 }, "end": { "line": 86, "column": 32 } },
      "30": { "start": { "line": 87, "column": 4 }, "end": { "line": 87, "column": 30 } },
      "31": { "start": { "line": 88, "column": 4 }, "end": { "line": 88, "column": 35 } },
      "32": { "start": { "line": 89, "column": 4 }, "end": { "line": 89, "column": 22 } },
      "33": { "start": { "line": 90, "column": 4 }, "end": { "line": 90, "column": 19 } },
      "34": { "start": { "line": 93, "column": 15 }, "end": { "line": 123, "column": 81 } },
      "35": { "start": { "line": 94, "column": 4 }, "end": { "line": 96, "column": 5 } },
      "36": { "start": { "line": 95, "column": 6 }, "end": { "line": 95, "column": 19 } },
      "37": { "start": { "line": 98, "column": 4 }, "end": { "line": 103, "column": 5 } },
      "38": { "start": { "line": 99, "column": 22 }, "end": { "line": 99, "column": 58 } },
      "39": { "start": { "line": 100, "column": 6 }, "end": { "line": 100, "column": 24 } },
      "40": { "start": { "line": 101, "column": 6 }, "end": { "line": 101, "column": 25 } },
      "41": { "start": { "line": 102, "column": 6 }, "end": { "line": 102, "column": 19 } },
      "42": { "start": { "line": 105, "column": 4 }, "end": { "line": 105, "column": 21 } },
      "43": { "start": { "line": 106, "column": 4 }, "end": { "line": 106, "column": 19 } },
      "44": { "start": { "line": 107, "column": 4 }, "end": { "line": 107, "column": 19 } },
      "45": { "start": { "line": 108, "column": 4 }, "end": { "line": 108, "column": 43 } },
      "46": { "start": { "line": 108, "column": 30 }, "end": { "line": 108, "column": 41 } },
      "47": { "start": { "line": 110, "column": 4 }, "end": { "line": 122, "column": 5 } },
      "48": { "start": { "line": 111, "column": 6 }, "end": { "line": 111, "column": 74 } },
      "49": { "start": { "line": 112, "column": 6 }, "end": { "line": 112, "column": 18 } },
      "50": { "start": { "line": 114, "column": 6 }, "end": { "line": 114, "column": 22 } },
      "51": { "start": { "line": 115, "column": 6 }, "end": { "line": 115, "column": 58 } },
      "52": { "start": { "line": 115, "column": 32 }, "end": { "line": 115, "column": 56 } },
      "53": { "start": { "line": 116, "column": 22 }, "end": { "line": 116, "column": 81 } },
      "54": { "start": { "line": 117, "column": 6 }, "end": { "line": 117, "column": 24 } },
      "55": { "start": { "line": 118, "column": 6 }, "end": { "line": 118, "column": 25 } },
      "56": { "start": { "line": 119, "column": 6 }, "end": { "line": 119, "column": 19 } },
      "57": { "start": { "line": 121, "column": 6 }, "end": { "line": 121, "column": 24 } },
      "58": { "start": { "line": 125, "column": 17 }, "end": { "line": 155, "column": 81 } },
      "59": { "start": { "line": 126, "column": 4 }, "end": { "line": 128, "column": 5 } },
      "60": { "start": { "line": 127, "column": 6 }, "end": { "line": 127, "column": 19 } },
      "61": { "start": { "line": 130, "column": 4 }, "end": { "line": 135, "column": 5 } },
      "62": { "start": { "line": 131, "column": 22 }, "end": { "line": 131, "column": 60 } },
      "63": { "start": { "line": 132, "column": 6 }, "end": { "line": 132, "column": 24 } },
      "64": { "start": { "line": 133, "column": 6 }, "end": { "line": 133, "column": 25 } },
      "65": { "start": { "line": 134, "column": 6 }, "end": { "line": 134, "column": 19 } },
      "66": { "start": { "line": 137, "column": 4 }, "end": { "line": 137, "column": 21 } },
      "67": { "start": { "line": 138, "column": 4 }, "end": { "line": 138, "column": 19 } },
      "68": { "start": { "line": 139, "column": 4 }, "end": { "line": 139, "column": 20 } },
      "69": { "start": { "line": 140, "column": 4 }, "end": { "line": 140, "column": 56 } },
      "70": { "start": { "line": 140, "column": 30 }, "end": { "line": 140, "column": 54 } },
      "71": { "start": { "line": 142, "column": 4 }, "end": { "line": 154, "column": 5 } },
      "72": { "start": { "line": 143, "column": 6 }, "end": { "line": 143, "column": 76 } },
      "73": { "start": { "line": 144, "column": 6 }, "end": { "line": 144, "column": 18 } },
      "74": { "start": { "line": 146, "column": 6 }, "end": { "line": 146, "column": 21 } },
      "75": { "start": { "line": 147, "column": 6 }, "end": { "line": 147, "column": 45 } },
      "76": { "start": { "line": 147, "column": 32 }, "end": { "line": 147, "column": 43 } },
      "77": { "start": { "line": 148, "column": 22 }, "end": { "line": 148, "column": 83 } },
      "78": { "start": { "line": 149, "column": 6 }, "end": { "line": 149, "column": 24 } },
      "79": { "start": { "line": 150, "column": 6 }, "end": { "line": 150, "column": 25 } },
      "80": { "start": { "line": 151, "column": 6 }, "end": { "line": 151, "column": 19 } },
      "81": { "start": { "line": 153, "column": 6 }, "end": { "line": 153, "column": 24 } },
      "82": { "start": { "line": 157, "column": 2 }, "end": { "line": 157, "column": 60 } }
    },
    "fnMap": {
      "0": {
        "name": "contractLikePost",
        "decl": { "start": { "line": 10, "column": 15 }, "end": { "line": 10, "column": 31 } },
        "loc": { "start": { "line": 10, "column": 114 }, "end": { "line": 29, "column": 1 } },
        "line": 10
      },
      "1": {
        "name": "contractUnlikePost",
        "decl": { "start": { "line": 31, "column": 15 }, "end": { "line": 31, "column": 33 } },
        "loc": { "start": { "line": 31, "column": 116 }, "end": { "line": 50, "column": 1 } },
        "line": 31
      },
      "2": {
        "name": "useLike",
        "decl": { "start": { "line": 67, "column": 16 }, "end": { "line": 67, "column": 23 } },
        "loc": { "start": { "line": 71, "column": 34 }, "end": { "line": 158, "column": 1 } },
        "line": 71
      },
      "3": {
        "name": "(anonymous_3)",
        "decl": { "start": { "line": 81, "column": 12 }, "end": { "line": 81, "column": 13 } },
        "loc": { "start": { "line": 81, "column": 18 }, "end": { "line": 91, "column": 3 } },
        "line": 81
      },
      "4": {
        "name": "(anonymous_4)",
        "decl": { "start": { "line": 93, "column": 27 }, "end": { "line": 93, "column": 28 } },
        "loc": { "start": { "line": 93, "column": 57 }, "end": { "line": 123, "column": 3 } },
        "line": 93
      },
      "5": {
        "name": "(anonymous_5)",
        "decl": { "start": { "line": 108, "column": 17 }, "end": { "line": 108, "column": 18 } },
        "loc": { "start": { "line": 108, "column": 30 }, "end": { "line": 108, "column": 41 } },
        "line": 108
      },
      "6": {
        "name": "(anonymous_6)",
        "decl": { "start": { "line": 115, "column": 19 }, "end": { "line": 115, "column": 20 } },
        "loc": { "start": { "line": 115, "column": 32 }, "end": { "line": 115, "column": 56 } },
        "line": 115
      },
      "7": {
        "name": "(anonymous_7)",
        "decl": { "start": { "line": 125, "column": 29 }, "end": { "line": 125, "column": 30 } },
        "loc": { "start": { "line": 125, "column": 59 }, "end": { "line": 155, "column": 3 } },
        "line": 125
      },
      "8": {
        "name": "(anonymous_8)",
        "decl": { "start": { "line": 140, "column": 17 }, "end": { "line": 140, "column": 18 } },
        "loc": { "start": { "line": 140, "column": 30 }, "end": { "line": 140, "column": 54 } },
        "line": 140
      },
      "9": {
        "name": "(anonymous_9)",
        "decl": { "start": { "line": 147, "column": 19 }, "end": { "line": 147, "column": 20 } },
        "loc": { "start": { "line": 147, "column": 32 }, "end": { "line": 147, "column": 43 } },
        "line": 147
      }
    },
    "branchMap": {
      "0": {
        "loc": { "start": { "line": 22, "column": 2 }, "end": { "line": 28, "column": 3 } },
        "type": "if",
        "locations": [
          { "start": { "line": 22, "column": 2 }, "end": { "line": 28, "column": 3 } },
          { "start": { "line": 26, "column": 9 }, "end": { "line": 28, "column": 3 } }
        ],
        "line": 22
      },
      "1": {
        "loc": { "start": { "line": 22, "column": 6 }, "end": { "line": 22, "column": 63 } },
        "type": "binary-expr",
        "locations": [
          { "start": { "line": 22, "column": 6 }, "end": { "line": 22, "column": 9 } },
          { "start": { "line": 22, "column": 13 }, "end": { "line": 22, "column": 63 } }
        ],
        "line": 22
      },
      "2": {
        "loc": { "start": { "line": 24, "column": 19 }, "end": { "line": 24, "column": 43 } },
        "type": "binary-expr",
        "locations": [
          { "start": { "line": 24, "column": 19 }, "end": { "line": 24, "column": 28 } },
          { "start": { "line": 24, "column": 32 }, "end": { "line": 24, "column": 43 } }
        ],
        "line": 24
      },
      "3": {
        "loc": { "start": { "line": 25, "column": 4 }, "end": { "line": 25, "column": 62 } },
        "type": "if",
        "locations": [
          { "start": { "line": 25, "column": 4 }, "end": { "line": 25, "column": 62 } },
          { "start": {}, "end": {} }
        ],
        "line": 25
      },
      "4": {
        "loc": { "start": { "line": 43, "column": 2 }, "end": { "line": 49, "column": 3 } },
        "type": "if",
        "locations": [
          { "start": { "line": 43, "column": 2 }, "end": { "line": 49, "column": 3 } },
          { "start": { "line": 47, "column": 9 }, "end": { "line": 49, "column": 3 } }
        ],
        "line": 43
      },
      "5": {
        "loc": { "start": { "line": 43, "column": 6 }, "end": { "line": 43, "column": 63 } },
        "type": "binary-expr",
        "locations": [
          { "start": { "line": 43, "column": 6 }, "end": { "line": 43, "column": 9 } },
          { "start": { "line": 43, "column": 13 }, "end": { "line": 43, "column": 63 } }
        ],
        "line": 43
      },
      "6": {
        "loc": { "start": { "line": 45, "column": 19 }, "end": { "line": 45, "column": 43 } },
        "type": "binary-expr",
        "locations": [
          { "start": { "line": 45, "column": 19 }, "end": { "line": 45, "column": 28 } },
          { "start": { "line": 45, "column": 32 }, "end": { "line": 45, "column": 43 } }
        ],
        "line": 45
      },
      "7": {
        "loc": { "start": { "line": 46, "column": 4 }, "end": { "line": 46, "column": 62 } },
        "type": "if",
        "locations": [
          { "start": { "line": 46, "column": 4 }, "end": { "line": 46, "column": 62 } },
          { "start": {}, "end": {} }
        ],
        "line": 46
      },
      "8": {
        "loc": { "start": { "line": 69, "column": 2 }, "end": { "line": 69, "column": 25 } },
        "type": "default-arg",
        "locations": [
          { "start": { "line": 69, "column": 20 }, "end": { "line": 69, "column": 25 } }
        ],
        "line": 69
      },
      "9": {
        "loc": { "start": { "line": 82, "column": 4 }, "end": { "line": 84, "column": 5 } },
        "type": "if",
        "locations": [
          { "start": { "line": 82, "column": 4 }, "end": { "line": 84, "column": 5 } },
          { "start": {}, "end": {} }
        ],
        "line": 82
      },
      "10": {
        "loc": { "start": { "line": 94, "column": 4 }, "end": { "line": 96, "column": 5 } },
        "type": "if",
        "locations": [
          { "start": { "line": 94, "column": 4 }, "end": { "line": 96, "column": 5 } },
          { "start": {}, "end": {} }
        ],
        "line": 94
      },
      "11": {
        "loc": { "start": { "line": 94, "column": 8 }, "end": { "line": 94, "column": 24 } },
        "type": "binary-expr",
        "locations": [
          { "start": { "line": 94, "column": 8 }, "end": { "line": 94, "column": 13 } },
          { "start": { "line": 94, "column": 17 }, "end": { "line": 94, "column": 24 } }
        ],
        "line": 94
      },
      "12": {
        "loc": { "start": { "line": 98, "column": 4 }, "end": { "line": 103, "column": 5 } },
        "type": "if",
        "locations": [
          { "start": { "line": 98, "column": 4 }, "end": { "line": 103, "column": 5 } },
          { "start": {}, "end": {} }
        ],
        "line": 98
      },
      "13": {
        "loc": { "start": { "line": 98, "column": 8 }, "end": { "line": 98, "column": 30 } },
        "type": "binary-expr",
        "locations": [
          { "start": { "line": 98, "column": 8 }, "end": { "line": 98, "column": 18 } },
          { "start": { "line": 98, "column": 22 }, "end": { "line": 98, "column": 30 } }
        ],
        "line": 98
      },
      "14": {
        "loc": { "start": { "line": 116, "column": 22 }, "end": { "line": 116, "column": 81 } },
        "type": "cond-expr",
        "locations": [
          { "start": { "line": 116, "column": 45 }, "end": { "line": 116, "column": 56 } },
          { "start": { "line": 116, "column": 59 }, "end": { "line": 116, "column": 81 } }
        ],
        "line": 116
      },
      "15": {
        "loc": { "start": { "line": 126, "column": 4 }, "end": { "line": 128, "column": 5 } },
        "type": "if",
        "locations": [
          { "start": { "line": 126, "column": 4 }, "end": { "line": 128, "column": 5 } },
          { "start": {}, "end": {} }
        ],
        "line": 126
      },
      "16": {
        "loc": { "start": { "line": 126, "column": 8 }, "end": { "line": 126, "column": 25 } },
        "type": "binary-expr",
        "locations": [
          { "start": { "line": 126, "column": 8 }, "end": { "line": 126, "column": 14 } },
          { "start": { "line": 126, "column": 18 }, "end": { "line": 126, "column": 25 } }
        ],
        "line": 126
      },
      "17": {
        "loc": { "start": { "line": 130, "column": 4 }, "end": { "line": 135, "column": 5 } },
        "type": "if",
        "locations": [
          { "start": { "line": 130, "column": 4 }, "end": { "line": 135, "column": 5 } },
          { "start": {}, "end": {} }
        ],
        "line": 130
      },
      "18": {
        "loc": { "start": { "line": 130, "column": 8 }, "end": { "line": 130, "column": 30 } },
        "type": "binary-expr",
        "locations": [
          { "start": { "line": 130, "column": 8 }, "end": { "line": 130, "column": 18 } },
          { "start": { "line": 130, "column": 22 }, "end": { "line": 130, "column": 30 } }
        ],
        "line": 130
      },
      "19": {
        "loc": { "start": { "line": 148, "column": 22 }, "end": { "line": 148, "column": 83 } },
        "type": "cond-expr",
        "locations": [
          { "start": { "line": 148, "column": 45 }, "end": { "line": 148, "column": 56 } },
          { "start": { "line": 148, "column": 59 }, "end": { "line": 148, "column": 83 } }
        ],
        "line": 148
      }
    },
    "s": {
      "0": 0,
      "1": 0,
      "2": 0,
      "3": 0,
      "4": 0,
      "5": 0,
      "6": 0,
      "7": 0,
      "8": 0,
      "9": 0,
      "10": 0,
      "11": 0,
      "12": 0,
      "13": 0,
      "14": 0,
      "15": 0,
      "16": 0,
      "17": 0,
      "18": 11,
      "19": 11,
      "20": 11,
      "21": 11,
      "22": 11,
      "23": 11,
      "24": 11,
      "25": 11,
      "26": 11,
      "27": 10,
      "28": 10,
      "29": 0,
      "30": 0,
      "31": 0,
      "32": 0,
      "33": 0,
      "34": 11,
      "35": 0,
      "36": 0,
      "37": 0,
      "38": 0,
      "39": 0,
      "40": 0,
      "41": 0,
      "42": 0,
      "43": 0,
      "44": 0,
      "45": 0,
      "46": 0,
      "47": 0,
      "48": 0,
      "49": 0,
      "50": 0,
      "51": 0,
      "52": 0,
      "53": 0,
      "54": 0,
      "55": 0,
      "56": 0,
      "57": 0,
      "58": 11,
      "59": 0,
      "60": 0,
      "61": 0,
      "62": 0,
      "63": 0,
      "64": 0,
      "65": 0,
      "66": 0,
      "67": 0,
      "68": 0,
      "69": 0,
      "70": 0,
      "71": 0,
      "72": 0,
      "73": 0,
      "74": 0,
      "75": 0,
      "76": 0,
      "77": 0,
      "78": 0,
      "79": 0,
      "80": 0,
      "81": 0,
      "82": 11
    },
    "f": { "0": 0, "1": 0, "2": 11, "3": 10, "4": 0, "5": 0, "6": 0, "7": 0, "8": 0, "9": 0 },
    "b": {
      "0": [0, 0],
      "1": [0, 0],
      "2": [0, 0],
      "3": [0, 0],
      "4": [0, 0],
      "5": [0, 0],
      "6": [0, 0],
      "7": [0, 0],
      "8": [0],
      "9": [10, 0],
      "10": [0, 0],
      "11": [0, 0],
      "12": [0, 0],
      "13": [0, 0],
      "14": [0, 0],
      "15": [0, 0],
      "16": [0, 0],
      "17": [0, 0],
      "18": [0, 0],
      "19": [0, 0]
    },
    "_coverageSchema": "1a1c01bbd47fc00a2c39e90264f33305004495a9",
    "hash": "280e299b209e2d64e5ce64d652838fb1dbdaaa96"
  },
  "/workspaces/Kovara/apps/mobile/hooks/useTip.ts": {
    "path": "/workspaces/Kovara/apps/mobile/hooks/useTip.ts",
    "statementMap": {
      "0": { "start": { "line": 38, "column": 25 }, "end": { "line": 38, "column": 28 } },
      "1": { "start": { "line": 47, "column": 2 }, "end": { "line": 47, "column": 65 } },
      "2": { "start": { "line": 47, "column": 39 }, "end": { "line": 47, "column": 63 } },
      "3": { "start": { "line": 48, "column": 2 }, "end": { "line": 48, "column": 75 } },
      "4": { "start": { "line": 52, "column": 33 }, "end": { "line": 52, "column": 44 } },
      "5": { "start": { "line": 53, "column": 50 }, "end": { "line": 53, "column": 60 } },
      "6": { "start": { "line": 54, "column": 30 }, "end": { "line": 54, "column": 57 } },
      "7": { "start": { "line": 55, "column": 28 }, "end": { "line": 55, "column": 57 } },
      "8": { "start": { "line": 56, "column": 30 }, "end": { "line": 56, "column": 62 } },
      "9": { "start": { "line": 58, "column": 30 }, "end": { "line": 64, "column": 8 } },
      "10": { "start": { "line": 59, "column": 4 }, "end": { "line": 61, "column": 5 } },
      "11": { "start": { "line": 60, "column": 6 }, "end": { "line": 60, "column": 15 } },
      "12": { "start": { "line": 63, "column": 4 }, "end": { "line": 63, "column": 48 } },
      "13": { "start": { "line": 66, "column": 16 }, "end": { "line": 70, "column": 8 } },
      "14": { "start": { "line": 67, "column": 4 }, "end": { "line": 67, "column": 22 } },
      "15": { "start": { "line": 68, "column": 4 }, "end": { "line": 68, "column": 19 } },
      "16": { "start": { "line": 69, "column": 4 }, "end": { "line": 69, "column": 20 } },
      "17": { "start": { "line": 72, "column": 14 }, "end": { "line": 115, "column": 3 } },
      "18": { "start": { "line": 74, "column": 6 }, "end": { "line": 76, "column": 7 } },
      "19": { "start": { "line": 75, "column": 8 }, "end": { "line": 75, "column": 21 } },
      "20": { "start": { "line": 78, "column": 6 }, "end": { "line": 84, "column": 7 } },
      "21": { "start": { "line": 79, "column": 24 }, "end": { "line": 79, "column": 63 } },
      "22": { "start": { "line": 80, "column": 8 }, "end": { "line": 80, "column": 27 } },
      "23": { "start": { "line": 81, "column": 8 }, "end": { "line": 81, "column": 26 } },
      "24": { "start": { "line": 82, "column": 8 }, "end": { "line": 82, "column": 27 } },
      "25": { "start": { "line": 83, "column": 8 }, "end": { "line": 83, "column": 21 } },
      "26": { "start": { "line": 86, "column": 6 }, "end": { "line": 92, "column": 7 } },
      "27": { "start": { "line": 87, "column": 24 }, "end": { "line": 87, "column": 64 } },
      "28": { "start": { "line": 88, "column": 8 }, "end": { "line": 88, "column": 27 } },
      "29": { "start": { "line": 89, "column": 8 }, "end": { "line": 89, "column": 26 } },
      "30": { "start": { "line": 90, "column": 8 }, "end": { "line": 90, "column": 27 } },
      "31": { "start": { "line": 91, "column": 8 }, "end": { "line": 91, "column": 21 } },
      "32": { "start": { "line": 94, "column": 6 }, "end": { "line": 94, "column": 27 } },
      "33": { "start": { "line": 95, "column": 6 }, "end": { "line": 95, "column": 21 } },
      "34": { "start": { "line": 96, "column": 6 }, "end": { "line": 96, "column": 22 } },
      "35": { "start": { "line": 97, "column": 6 }, "end": { "line": 97, "column": 20 } },
      "36": { "start": { "line": 99, "column": 6 }, "end": { "line": 112, "column": 7 } },
      "37": { "start": { "line": 100, "column": 21 }, "end": { "line": 100, "column": 91 } },
      "38": { "start": { "line": 101, "column": 28 }, "end": { "line": 101, "column": 55 } },
      "39": { "start": { "line": 102, "column": 8 }, "end": { "line": 102, "column": 56 } },
      "40": { "start": { "line": 103, "column": 8 }, "end": { "line": 103, "column": 29 } },
      "41": { "start": { "line": 104, "column": 8 }, "end": { "line": 104, "column": 26 } },
      "42": { "start": { "line": 105, "column": 8 }, "end": { "line": 105, "column": 20 } },
      "43": { "start": { "line": 107, "column": 24 }, "end": { "line": 107, "column": 84 } },
      "44": { "start": { "line": 108, "column": 8 }, "end": { "line": 108, "column": 27 } },
      "45": { "start": { "line": 109, "column": 8 }, "end": { "line": 109, "column": 26 } },
      "46": { "start": { "line": 110, "column": 8 }, "end": { "line": 110, "column": 27 } },
      "47": { "start": { "line": 111, "column": 8 }, "end": { "line": 111, "column": 21 } },
      "48": { "start": { "line": 117, "column": 18 }, "end": { "line": 117, "column": 38 } },
      "49": { "start": { "line": 119, "column": 2 }, "end": { "line": 130, "column": 4 } },
      "50": { "start": { "line": 120, "column": 11 }, "end": { "line": 128, "column": 5 } }
    },
    "fnMap": {
      "0": {
        "name": "submitTipTransaction",
        "decl": { "start": { "line": 40, "column": 15 }, "end": { "line": 40, "column": 35 } },
        "loc": { "start": { "line": 45, "column": 59 }, "end": { "line": 49, "column": 1 } },
        "line": 45
      },
      "1": {
        "name": "(anonymous_1)",
        "decl": { "start": { "line": 47, "column": 26 }, "end": { "line": 47, "column": 27 } },
        "loc": { "start": { "line": 47, "column": 39 }, "end": { "line": 47, "column": 63 } },
        "line": 47
      },
      "2": {
        "name": "useTip",
        "decl": { "start": { "line": 51, "column": 16 }, "end": { "line": 51, "column": 22 } },
        "loc": { "start": { "line": 51, "column": 39 }, "end": { "line": 131, "column": 1 } },
        "line": 51
      },
      "3": {
        "name": "(anonymous_3)",
        "decl": { "start": { "line": 58, "column": 42 }, "end": { "line": 58, "column": 43 } },
        "loc": { "start": { "line": 58, "column": 62 }, "end": { "line": 64, "column": 3 } },
        "line": 58
      },
      "4": {
        "name": "(anonymous_4)",
        "decl": { "start": { "line": 66, "column": 28 }, "end": { "line": 66, "column": 29 } },
        "loc": { "start": { "line": 66, "column": 34 }, "end": { "line": 70, "column": 3 } },
        "line": 66
      },
      "5": {
        "name": "(anonymous_5)",
        "decl": { "start": { "line": 73, "column": 4 }, "end": { "line": 73, "column": 5 } },
        "loc": { "start": { "line": 73, "column": 77 }, "end": { "line": 113, "column": 5 } },
        "line": 73
      },
      "6": {
        "name": "(anonymous_6)",
        "decl": { "start": { "line": 120, "column": 4 }, "end": { "line": 120, "column": 5 } },
        "loc": { "start": { "line": 120, "column": 11 }, "end": { "line": 128, "column": 5 } },
        "line": 120
      }
    },
    "branchMap": {
      "0": {
        "loc": { "start": { "line": 59, "column": 4 }, "end": { "line": 61, "column": 5 } },
        "type": "if",
        "locations": [
          { "start": { "line": 59, "column": 4 }, "end": { "line": 61, "column": 5 } },
          { "start": {}, "end": {} }
        ],
        "line": 59
      },
      "1": {
        "loc": { "start": { "line": 59, "column": 8 }, "end": { "line": 59, "column": 47 } },
        "type": "binary-expr",
        "locations": [
          { "start": { "line": 59, "column": 8 }, "end": { "line": 59, "column": 32 } },
          { "start": { "line": 59, "column": 36 }, "end": { "line": 59, "column": 47 } }
        ],
        "line": 59
      },
      "2": {
        "loc": { "start": { "line": 74, "column": 6 }, "end": { "line": 76, "column": 7 } },
        "type": "if",
        "locations": [
          { "start": { "line": 74, "column": 6 }, "end": { "line": 76, "column": 7 } },
          { "start": {}, "end": {} }
        ],
        "line": 74
      },
      "3": {
        "loc": { "start": { "line": 78, "column": 6 }, "end": { "line": 84, "column": 7 } },
        "type": "if",
        "locations": [
          { "start": { "line": 78, "column": 6 }, "end": { "line": 84, "column": 7 } },
          { "start": {}, "end": {} }
        ],
        "line": 78
      },
      "4": {
        "loc": { "start": { "line": 78, "column": 10 }, "end": { "line": 78, "column": 32 } },
        "type": "binary-expr",
        "locations": [
          { "start": { "line": 78, "column": 10 }, "end": { "line": 78, "column": 20 } },
          { "start": { "line": 78, "column": 24 }, "end": { "line": 78, "column": 32 } }
        ],
        "line": 78
      },
      "5": {
        "loc": { "start": { "line": 86, "column": 6 }, "end": { "line": 92, "column": 7 } },
        "type": "if",
        "locations": [
          { "start": { "line": 86, "column": 6 }, "end": { "line": 92, "column": 7 } },
          { "start": {}, "end": {} }
        ],
        "line": 86
      },
      "6": {
        "loc": { "start": { "line": 86, "column": 10 }, "end": { "line": 86, "column": 49 } },
        "type": "binary-expr",
        "locations": [
          { "start": { "line": 86, "column": 10 }, "end": { "line": 86, "column": 34 } },
          { "start": { "line": 86, "column": 38 }, "end": { "line": 86, "column": 49 } }
        ],
        "line": 86
      },
      "7": {
        "loc": { "start": { "line": 107, "column": 24 }, "end": { "line": 107, "column": 84 } },
        "type": "cond-expr",
        "locations": [
          { "start": { "line": 107, "column": 47 }, "end": { "line": 107, "column": 58 } },
          { "start": { "line": 107, "column": 61 }, "end": { "line": 107, "column": 84 } }
        ],
        "line": 107
      }
    },
    "s": {
      "0": 2,
      "1": 0,
      "2": 0,
      "3": 0,
      "4": 10,
      "5": 10,
      "6": 10,
      "7": 10,
      "8": 10,
      "9": 10,
      "10": 10,
      "11": 10,
      "12": 0,
      "13": 10,
      "14": 0,
      "15": 0,
      "16": 0,
      "17": 10,
      "18": 0,
      "19": 0,
      "20": 0,
      "21": 0,
      "22": 0,
      "23": 0,
      "24": 0,
      "25": 0,
      "26": 0,
      "27": 0,
      "28": 0,
      "29": 0,
      "30": 0,
      "31": 0,
      "32": 0,
      "33": 0,
      "34": 0,
      "35": 0,
      "36": 0,
      "37": 0,
      "38": 0,
      "39": 0,
      "40": 0,
      "41": 0,
      "42": 0,
      "43": 0,
      "44": 0,
      "45": 0,
      "46": 0,
      "47": 0,
      "48": 10,
      "49": 10,
      "50": 10
    },
    "f": { "0": 0, "1": 0, "2": 10, "3": 10, "4": 0, "5": 0, "6": 10 },
    "b": {
      "0": [10, 0],
      "1": [10, 10],
      "2": [0, 0],
      "3": [0, 0],
      "4": [0, 0],
      "5": [0, 0],
      "6": [0, 0],
      "7": [0, 0]
    },
    "_coverageSchema": "1a1c01bbd47fc00a2c39e90264f33305004495a9",
    "hash": "114eebf13d7aaab02b578517a4e2f91e75ce53a6"
  },
  "/workspaces/Kovara/apps/mobile/hooks/useWallet.ts": {
    "path": "/workspaces/Kovara/apps/mobile/hooks/useWallet.ts",
    "statementMap": {
      "0": { "start": { "line": 42, "column": 4 }, "end": { "line": 42, "column": 22 } },
      "1": { "start": { "line": 44, "column": 2 }, "end": { "line": 55, "column": 4 } }
    },
    "fnMap": {
      "0": {
        "name": "useWallet",
        "decl": { "start": { "line": 40, "column": 16 }, "end": { "line": 40, "column": 25 } },
        "loc": { "start": { "line": 40, "column": 45 }, "end": { "line": 56, "column": 1 } },
        "line": 40
      }
    },
    "branchMap": {},
    "s": { "0": 21, "1": 21 },
    "f": { "0": 21 },
    "b": {},
    "_coverageSchema": "1a1c01bbd47fc00a2c39e90264f33305004495a9",
    "hash": "45c83c2604117c8d853f4dbcbe4c45c6c3f02513"
  },
  "/workspaces/Kovara/apps/mobile/theme/tokens.ts": {
    "path": "/workspaces/Kovara/apps/mobile/theme/tokens.ts",
    "statementMap": {
      "0": { "start": { "line": 61, "column": 14 }, "end": { "line": 70, "column": 1 } },
      "1": { "start": { "line": 72, "column": 17 }, "end": { "line": 81, "column": 1 } },
      "2": { "start": { "line": 83, "column": 16 }, "end": { "line": 90, "column": 1 } },
      "3": { "start": { "line": 92, "column": 15 }, "end": { "line": 98, "column": 1 } },
      "4": { "start": { "line": 100, "column": 20 }, "end": { "line": 120, "column": 1 } },
      "5": { "start": { "line": 122, "column": 19 }, "end": { "line": 142, "column": 1 } },
      "6": { "start": { "line": 144, "column": 56 }, "end": { "line": 157, "column": 1 } }
    },
    "fnMap": {},
    "branchMap": {},
    "s": { "0": 2, "1": 2, "2": 2, "3": 2, "4": 2, "5": 2, "6": 2 },
    "f": {},
    "b": {},
    "_coverageSchema": "1a1c01bbd47fc00a2c39e90264f33305004495a9",
    "hash": "5a75171bd5388773b082d63d46b8cb23997da082"
  },
  "/workspaces/Kovara/apps/mobile/theme/useTheme.ts": {
    "path": "/workspaces/Kovara/apps/mobile/theme/useTheme.ts",
    "statementMap": {
      "0": { "start": { "line": 13, "column": 23 }, "end": { "line": 13, "column": 39 } },
      "1": { "start": { "line": 15, "column": 2 }, "end": { "line": 22, "column": 21 } },
      "2": { "start": { "line": 16, "column": 37 }, "end": { "line": 16, "column": 80 } },
      "3": { "start": { "line": 17, "column": 4 }, "end": { "line": 21, "column": 6 } }
    },
    "fnMap": {
      "0": {
        "name": "useTheme",
        "decl": { "start": { "line": 12, "column": 16 }, "end": { "line": 12, "column": 24 } },
        "loc": { "start": { "line": 12, "column": 43 }, "end": { "line": 23, "column": 1 } },
        "line": 12
      },
      "1": {
        "name": "(anonymous_1)",
        "decl": { "start": { "line": 15, "column": 17 }, "end": { "line": 15, "column": 18 } },
        "loc": { "start": { "line": 15, "column": 23 }, "end": { "line": 22, "column": 3 } },
        "line": 15
      }
    },
    "branchMap": {
      "0": {
        "loc": { "start": { "line": 16, "column": 37 }, "end": { "line": 16, "column": 80 } },
        "type": "cond-expr",
        "locations": [
          { "start": { "line": 16, "column": 64 }, "end": { "line": 16, "column": 71 } },
          { "start": { "line": 16, "column": 74 }, "end": { "line": 16, "column": 80 } }
        ],
        "line": 16
      }
    },
    "s": { "0": 31, "1": 31, "2": 31, "3": 31 },
    "f": { "0": 31, "1": 31 },
    "b": { "0": [31, 0] },
    "_coverageSchema": "1a1c01bbd47fc00a2c39e90264f33305004495a9",
    "hash": "aa641d8f8a29c61c19de8ce8e8483ad47593e945"
  }
}
