TN:
SF:components/PostCard.tsx
FN:48,formatTimestamp
FN:56,shortAddress
FN:60,normalizePost
FN:80,PostCard
FN:86,(anonymous_4)
FN:93,(anonymous_5)
FN:99,(anonymous_6)
FN:104,(anonymous_7)
FN:109,(anonymous_8)
FN:141,(anonymous_9)
FN:157,(anonymous_10)
FN:174,createStyles
FNF:12
FNH:9
FNDA:10,formatTimestamp
FNDA:10,shortAddress
FNDA:11,normalizePost
FNDA:11,PostCard
FNDA:1,(anonymous_4)
FNDA:11,(anonymous_5)
FNDA:0,(anonymous_6)
FNDA:0,(anonymous_7)
FNDA:0,(anonymous_8)
FNDA:10,(anonymous_9)
FNDA:10,(anonymous_10)
FNDA:11,createStyles
DA:49,10
DA:50,10
DA:51,10
DA:52,10
DA:53,3
DA:57,10
DA:61,11
DA:62,10
DA:65,1
DA:81,11
DA:82,11
DA:83,11
DA:84,11
DA:86,11
DA:87,11
DA:93,11
DA:95,11
DA:96,1
DA:99,10
DA:100,0
DA:101,0
DA:104,10
DA:105,0
DA:106,0
DA:109,10
DA:111,10
DA:141,10
DA:157,10
DA:175,11
LF:29
LH:25
BRDA:50,0,0,0
BRDA:50,0,1,10
BRDA:51,1,0,0
BRDA:51,1,1,10
BRDA:52,2,0,7
BRDA:52,2,1,3
BRDA:61,3,0,10
BRDA:61,3,1,1
BRDA:72,4,0,1
BRDA:72,4,1,0
BRDA:73,5,0,1
BRDA:73,5,1,1
BRDA:74,6,0,1
BRDA:74,6,1,1
BRDA:76,7,0,0
BRDA:76,7,1,1
BRDA:86,8,0,11
BRDA:86,8,1,10
BRDA:89,9,0,11
BRDA:89,9,1,10
BRDA:95,10,0,1
BRDA:95,10,1,10
BRDA:95,11,0,11
BRDA:95,11,1,1
BRDA:128,12,0,10
BRDA:128,12,1,10
BRDA:136,13,0,0
BRDA:136,13,1,10
BRDA:137,14,0,0
BRDA:137,14,1,10
BRDA:138,15,0,10
BRDA:138,15,1,10
BRDA:139,16,0,10
BRDA:139,16,1,10
BRDA:143,17,0,10
BRDA:143,17,1,0
BRDA:144,18,0,10
BRDA:144,18,1,0
BRDA:144,18,2,0
BRDA:144,18,3,0
BRDA:147,19,0,10
BRDA:147,19,1,0
BRDA:148,20,0,0
BRDA:148,20,1,10
BRDA:157,21,0,10
BRDA:157,21,1,0
BRF:46
BRH:33
end_of_record
TN:
SF:components/TipModal.tsx
FN:39,parseAmount
FN:48,TipModal
FN:50,(anonymous_2)
FN:61,(anonymous_3)
FN:69,(anonymous_4)
FN:102,(anonymous_5)
FN:109,(anonymous_6)
FN:180,createStyles
FNF:8
FNH:5
FNDA:10,parseAmount
FNDA:10,TipModal
FNDA:10,(anonymous_2)
FNDA:0,(anonymous_3)
FNDA:0,(anonymous_4)
FNDA:20,(anonymous_5)
FNDA:0,(anonymous_6)
FNDA:10,createStyles
DA:17,2
DA:40,10
DA:41,10
DA:42,10
DA:45,0
DA:49,10
DA:50,10
DA:51,10
DA:52,10
DA:53,10
DA:54,10
DA:56,10
DA:57,10
DA:58,10
DA:59,10
DA:61,10
DA:62,0
DA:63,0
DA:64,0
DA:65,0
DA:66,0
DA:69,10
DA:70,0
DA:71,0
DA:72,0
DA:75,0
DA:76,0
DA:79,10
DA:103,20
DA:104,20
DA:109,0
DA:181,10
LF:32
LH:20
BRDA:41,0,0,10
BRDA:41,0,1,0
BRDA:59,1,0,10
BRDA:59,1,1,10
BRDA:59,1,2,10
BRDA:70,2,0,0
BRDA:70,2,1,0
BRDA:70,3,0,0
BRDA:70,3,1,0
BRDA:82,4,0,10
BRDA:82,4,1,0
BRDA:110,5,0,20
BRDA:110,5,1,10
BRDA:112,6,0,20
BRDA:112,6,1,10
BRDA:136,7,0,0
BRDA:136,7,1,10
BRDA:136,8,0,10
BRDA:136,8,1,10
BRDA:137,9,0,0
BRDA:137,9,1,0
BRDA:155,10,0,0
BRDA:155,10,1,10
BRDA:155,11,0,10
BRDA:155,11,1,0
BRDA:166,12,0,10
BRDA:166,12,1,10
BRDA:168,13,0,0
BRDA:168,13,1,10
BRF:29
BRH:17
end_of_record
TN:
SF:components/skeletons/PostCardSkeleton.tsx
FN:6,PostCardSkeleton
FNF:1
FNH:1
FNDA:1,PostCardSkeleton
DA:7,1
DA:27,2
LF:2
LH:2
BRF:0
BRH:0
end_of_record
TN:
SF:components/skeletons/SkeletonBase.tsx
FN:22,ShimmerOverlay
FN:26,(anonymous_1)
FN:36,(anonymous_2)
FN:42,(anonymous_3)
FN:56,SkeletonBase
FN:77,SkeletonLine
FN:102,SkeletonCircle
FNF:7
FNH:7
FNDA:1,ShimmerOverlay
FNDA:1,(anonymous_1)
FNDA:1,(anonymous_2)
FNDA:1,(anonymous_3)
FNDA:1,SkeletonBase
FNDA:7,SkeletonLine
FNDA:1,SkeletonCircle
DA:23,1
DA:24,1
DA:26,1
DA:27,1
DA:36,1
DA:37,1
DA:41,1
DA:42,1
DA:53,1
DA:57,1
DA:59,1
DA:86,7
DA:87,7
DA:103,1
DA:104,1
DA:120,2
LF:16
LH:16
BRDA:79,0,0,0
BRF:1
BRH:0
end_of_record
TN:
SF:hooks/useLike.ts
FN:10,contractLikePost
FN:31,contractUnlikePost
FN:67,useLike
FN:81,(anonymous_3)
FN:93,(anonymous_4)
FN:108,(anonymous_5)
FN:115,(anonymous_6)
FN:125,(anonymous_7)
FN:140,(anonymous_8)
FN:147,(anonymous_9)
FNF:10
FNH:2
FNDA:0,contractLikePost
FNDA:0,contractUnlikePost
FNDA:11,useLike
FNDA:10,(anonymous_3)
FNDA:0,(anonymous_4)
FNDA:0,(anonymous_5)
FNDA:0,(anonymous_6)
FNDA:0,(anonymous_7)
FNDA:0,(anonymous_8)
FNDA:0,(anonymous_9)
DA:11,0
DA:12,0
DA:14,0
DA:22,0
DA:23,0
DA:24,0
DA:25,0
DA:27,0
DA:32,0
DA:33,0
DA:35,0
DA:43,0
DA:44,0
DA:45,0
DA:46,0
DA:48,0
DA:72,11
DA:73,11
DA:74,11
DA:75,11
DA:76,11
DA:77,11
DA:78,11
DA:79,11
DA:81,11
DA:82,10
DA:83,10
DA:86,0
DA:87,0
DA:88,0
DA:89,0
DA:90,0
DA:93,11
DA:94,0
DA:95,0
DA:98,0
DA:99,0
DA:100,0
DA:101,0
DA:102,0
DA:105,0
DA:106,0
DA:107,0
DA:108,0
DA:110,0
DA:111,0
DA:112,0
DA:114,0
DA:115,0
DA:116,0
DA:117,0
DA:118,0
DA:119,0
DA:121,0
DA:125,11
DA:126,0
DA:127,0
DA:130,0
DA:131,0
DA:132,0
DA:133,0
DA:134,0
DA:137,0
DA:138,0
DA:139,0
DA:140,0
DA:142,0
DA:143,0
DA:144,0
DA:146,0
DA:147,0
DA:148,0
DA:149,0
DA:150,0
DA:151,0
DA:153,0
DA:157,11
LF:77
LH:14
BRDA:22,0,0,0
BRDA:22,0,1,0
BRDA:22,1,0,0
BRDA:22,1,1,0
BRDA:24,2,0,0
BRDA:24,2,1,0
BRDA:25,3,0,0
BRDA:25,3,1,0
BRDA:43,4,0,0
BRDA:43,4,1,0
BRDA:43,5,0,0
BRDA:43,5,1,0
BRDA:45,6,0,0
BRDA:45,6,1,0
BRDA:46,7,0,0
BRDA:46,7,1,0
BRDA:69,8,0,0
BRDA:82,9,0,10
BRDA:82,9,1,0
BRDA:94,10,0,0
BRDA:94,10,1,0
BRDA:94,11,0,0
BRDA:94,11,1,0
BRDA:98,12,0,0
BRDA:98,12,1,0
BRDA:98,13,0,0
BRDA:98,13,1,0
BRDA:116,14,0,0
BRDA:116,14,1,0
BRDA:126,15,0,0
BRDA:126,15,1,0
BRDA:126,16,0,0
BRDA:126,16,1,0
BRDA:130,17,0,0
BRDA:130,17,1,0
BRDA:130,18,0,0
BRDA:130,18,1,0
BRDA:148,19,0,0
BRDA:148,19,1,0
BRF:39
BRH:1
end_of_record
TN:
SF:hooks/useTip.ts
FN:40,submitTipTransaction
FN:47,(anonymous_1)
FN:51,useTip
FN:58,(anonymous_3)
FN:66,(anonymous_4)
FN:73,(anonymous_5)
FN:120,(anonymous_6)
FNF:7
FNH:3
FNDA:0,submitTipTransaction
FNDA:0,(anonymous_1)
FNDA:10,useTip
FNDA:10,(anonymous_3)
FNDA:0,(anonymous_4)
FNDA:0,(anonymous_5)
FNDA:10,(anonymous_6)
DA:38,2
DA:47,0
DA:48,0
DA:52,10
DA:53,10
DA:54,10
DA:55,10
DA:56,10
DA:58,10
DA:59,10
DA:60,10
DA:63,0
DA:66,10
DA:67,0
DA:68,0
DA:69,0
DA:72,10
DA:74,0
DA:75,0
DA:78,0
DA:79,0
DA:80,0
DA:81,0
DA:82,0
DA:83,0
DA:86,0
DA:87,0
DA:88,0
DA:89,0
DA:90,0
DA:91,0
DA:94,0
DA:95,0
DA:96,0
DA:97,0
DA:99,0
DA:100,0
DA:101,0
DA:102,0
DA:103,0
DA:104,0
DA:105,0
DA:107,0
DA:108,0
DA:109,0
DA:110,0
DA:111,0
DA:117,10
DA:119,10
DA:120,10
LF:50
LH:14
BRDA:59,0,0,10
BRDA:59,0,1,0
BRDA:59,1,0,10
BRDA:59,1,1,10
BRDA:74,2,0,0
BRDA:74,2,1,0
BRDA:78,3,0,0
BRDA:78,3,1,0
BRDA:78,4,0,0
BRDA:78,4,1,0
BRDA:86,5,0,0
BRDA:86,5,1,0
BRDA:86,6,0,0
BRDA:86,6,1,0
BRDA:107,7,0,0
BRDA:107,7,1,0
BRF:16
BRH:3
end_of_record
TN:
SF:hooks/useWallet.ts
FN:40,useWallet
FNF:1
FNH:1
FNDA:21,useWallet
DA:42,21
DA:44,21
LF:2
LH:2
BRF:0
BRH:0
end_of_record
TN:
SF:theme/tokens.ts
FNF:0
FNH:0
DA:61,2
DA:72,2
DA:83,2
DA:92,2
DA:100,2
DA:122,2
DA:144,2
LF:7
LH:7
BRF:0
BRH:0
end_of_record
TN:
SF:theme/useTheme.ts
FN:12,useTheme
FN:15,(anonymous_1)
FNF:2
FNH:2
FNDA:31,useTheme
FNDA:31,(anonymous_1)
DA:13,31
DA:15,31
DA:16,31
DA:17,31
LF:4
LH:4
BRDA:16,0,0,31
BRDA:16,0,1,0
BRF:2
BRH:1
end_of_record
